[    0.000000] Initializing cgroup subsys cpuset
[    0.000000] Initializing cgroup subsys cpu
[    0.000000] Initializing cgroup subsys cpuacct
[    0.000000] Linux version 4.4.0-210-generic (buildd@lgw01-amd64-009) (gcc version 5.4.0 20160609 (Ubuntu 5.4.0-6ubuntu1~16.04.12) ) #242-Ubuntu SMP Fri Apr 16 09:57:56 UTC 2021 (Ubuntu 4.4.0-210.242-generic 4.4.262)
[    0.000000] Command line: BOOT_IMAGE=/boot/vmlinuz-4.4.0-210-generic root=LABEL=cloudimg-rootfs ro console=tty1 console=ttyS0
[    0.000000] KERNEL supported cpus:
[    0.000000]   Intel GenuineIntel
[    0.000000]   AMD AuthenticAMD
[    0.000000]   Centaur CentaurHauls
[    0.000000] x86/fpu: Legacy x87 FPU detected.
[    0.000000] e820: BIOS-provided physical RAM map:
[    0.000000] BIOS-e820: [mem 0x0000000000000000-0x000000000009fbff] usable
[    0.000000] BIOS-e820: [mem 0x000000000009fc00-0x000000000009ffff] reserved
[    0.000000] BIOS-e820: [mem 0x00000000000f0000-0x00000000000fffff] reserved
[    0.000000] BIOS-e820: [mem 0x0000000000100000-0x000000003ffeffff] usable
[    0.000000] BIOS-e820: [mem 0x000000003fff0000-0x000000003fffffff] ACPI data
[    0.000000] BIOS-e820: [mem 0x00000000fec00000-0x00000000fec00fff] reserved
[    0.000000] BIOS-e820: [mem 0x00000000fee00000-0x00000000fee00fff] reserved
[    0.000000] BIOS-e820: [mem 0x00000000fffc0000-0x00000000ffffffff] reserved
[    0.000000] NX (Execute Disable) protection: active
[    0.000000] SMBIOS 2.5 present.
[    0.000000] Hypervisor detected: KVM
[    0.000000] e820: last_pfn = 0x3fff0 max_arch_pfn = 0x400000000
[    0.000000] MTRR: Disabled
[    0.000000] x86/PAT: MTRRs disabled, skipping PAT initialization too.
[    0.000000] CPU MTRRs all blank - virtualized system.
[    0.000000] x86/PAT: Configuration [0-7]: WB  WT  UC- UC  WB  WT  UC- UC  
[    0.000000] found SMP MP-table at [mem 0x0009fff0-0x0009ffff] mapped at [ffff88000009fff0]
[    0.000000] Scanning 1 areas for low memory corruption
[    0.000000] RAMDISK: [mem 0x362dc000-0x37165fff]
[    0.000000] ACPI: Early table checksum verification disabled
[    0.000000] ACPI: RSDP 0x00000000000E0000 000024 (v02 VBOX  )
[    0.000000] ACPI: XSDT 0x000000003FFF0030 00003C (v01 VBOX   VBOXXSDT 00000001 ASL  00000061)
[    0.000000] ACPI: FACP 0x000000003FFF00F0 0000F4 (v04 VBOX   VBOXFACP 00000001 ASL  00000061)
[    0.000000] ACPI: DSDT 0x000000003FFF0470 002325 (v02 VBOX   VBOXBIOS 00000002 INTL 20100528)
[    0.000000] ACPI: FACS 0x000000003FFF0200 000040
[    0.000000] ACPI: FACS 0x000000003FFF0200 000040
[    0.000000] ACPI: APIC 0x000000003FFF0240 00005C (v02 VBOX   VBOXAPIC 00000001 ASL  00000061)
[    0.000000] ACPI: SSDT 0x000000003FFF02A0 0001CC (v01 VBOX   VBOXCPUT 00000002 INTL 20100528)
[    0.000000] No NUMA configuration found
[    0.000000] Faking a node at [mem 0x0000000000000000-0x000000003ffeffff]
[    0.000000] NODE_DATA(0) allocated [mem 0x3ffeb000-0x3ffeffff]
[    0.000000] kvm-clock: Using msrs 4b564d01 and 4b564d00
[    0.000000] kvm-clock: cpu 0, msr 0:3ffe3001, primary cpu clock
[    0.000000] kvm-clock: using sched offset of 6451220506 cycles
[    0.000000] clocksource: kvm-clock: mask: 0xffffffffffffffff max_cycles: 0x1cd42e4dffb, max_idle_ns: 881590591483 ns
[    0.000000] Zone ranges:
[    0.000000]   DMA      [mem 0x0000000000001000-0x0000000000ffffff]
[    0.000000]   DMA32    [mem 0x0000000001000000-0x000000003ffeffff]
[    0.000000]   Normal   empty
[    0.000000]   Device   empty
[    0.000000] Movable zone start for each node
[    0.000000] Early memory node ranges
[    0.000000]   node   0: [mem 0x0000000000001000-0x000000000009efff]
[    0.000000]   node   0: [mem 0x0000000000100000-0x000000003ffeffff]
[    0.000000] Initmem setup node 0 [mem 0x0000000000001000-0x000000003ffeffff]
[    0.000000] ACPI: PM-Timer IO Port: 0x4008
[    0.000000] IOAPIC[0]: apic_id 2, version 32, address 0xfec00000, GSI 0-23
[    0.000000] ACPI: INT_SRC_OVR (bus 0 bus_irq 0 global_irq 2 dfl dfl)
[    0.000000] ACPI: INT_SRC_OVR (bus 0 bus_irq 9 global_irq 9 low level)
[    0.000000] Using ACPI (MADT) for SMP configuration information
[    0.000000] smpboot: Allowing 2 CPUs, 0 hotplug CPUs
[    0.000000] PM: Registered nosave memory: [mem 0x00000000-0x00000fff]
[    0.000000] PM: Registered nosave memory: [mem 0x0009f000-0x0009ffff]
[    0.000000] PM: Registered nosave memory: [mem 0x000a0000-0x000effff]
[    0.000000] PM: Registered nosave memory: [mem 0x000f0000-0x000fffff]
[    0.000000] e820: [mem 0x40000000-0xfebfffff] available for PCI devices
[    0.000000] Booting paravirtualized kernel on KVM
[    0.000000] clocksource: refined-jiffies: mask: 0xffffffff max_cycles: 0xffffffff, max_idle_ns: 7645519600211568 ns
[    0.000000] setup_percpu: NR_CPUS:512 nr_cpumask_bits:512 nr_cpu_ids:2 nr_node_ids:1
[    0.000000] PERCPU: Embedded 33 pages/cpu @ffff88003fc00000 s95192 r8192 d31784 u1048576
[    0.000000] Built 1 zonelists in Node order, mobility grouping on.  Total pages: 257912
[    0.000000] Policy zone: DMA32
[    0.000000] Kernel command line: BOOT_IMAGE=/boot/vmlinuz-4.4.0-210-generic root=LABEL=cloudimg-rootfs ro console=tty1 console=ttyS0
[    0.000000] PID hash table entries: 4096 (order: 3, 32768 bytes)
[    0.000000] Memory: 997792K/1048120K available (8644K kernel code, 1332K rwdata, 4044K rodata, 1492K init, 1164K bss, 50328K reserved, 0K cma-reserved)
[    0.000000] SLUB: HWalign=64, Order=0-3, MinObjects=0, CPUs=2, Nodes=1
[    0.000000] Kernel/User page tables isolation: enabled
[    0.000000] Hierarchical RCU implementation.
[    0.000000] 	Build-time adjustment of leaf fanout to 64.
[    0.000000] 	RCU restricting CPUs from NR_CPUS=512 to nr_cpu_ids=2.
[    0.000000] RCU: Adjusting geometry for rcu_fanout_leaf=64, nr_cpu_ids=2
[    0.000000] NR_IRQS:33024 nr_irqs:440 16
[    0.000000] Console: colour VGA+ 80x25
[    0.000000] console [tty1] enabled
[    0.000000] console [ttyS0] enabled
[    0.000000] tsc: Detected 1992.000 MHz processor
[    1.552102] Calibrating delay loop (skipped) preset value.. 3984.00 BogoMIPS (lpj=7968000)
[    1.597645] pid_max: default: 32768 minimum: 301
[    1.622365] ACPI: Core revision 20150930
[    1.644056] ACPI: 2 ACPI AML tables successfully acquired and loaded
[    1.674660] Security Framework initialized
[    1.694497] Yama: becoming mindful.
[    1.712114] AppArmor: AppArmor initialized
[    1.728328] Dentry cache hash table entries: 131072 (order: 8, 1048576 bytes)
[    1.777455] Inode-cache hash table entries: 65536 (order: 7, 524288 bytes)
[    1.814238] Mount-cache hash table entries: 2048 (order: 2, 16384 bytes)
[    1.846217] Mountpoint-cache hash table entries: 2048 (order: 2, 16384 bytes)
[    1.880301] Initializing cgroup subsys io
[    1.895896] Initializing cgroup subsys memory
[    1.915995] Initializing cgroup subsys devices
[    1.935828] Initializing cgroup subsys freezer
[    1.955309] Initializing cgroup subsys net_cls
[    1.972825] Initializing cgroup subsys perf_event
[    1.986045] Initializing cgroup subsys net_prio
[    2.001758] Initializing cgroup subsys hugetlb
[    2.020779] Initializing cgroup subsys pids
[    2.040171] mce: CPU supports 0 MCE banks
[    2.055811] Last level iTLB entries: 4KB 64, 2MB 8, 4MB 8
[    2.077482] Last level dTLB entries: 4KB 64, 2MB 0, 4MB 0, 1GB 4
[    2.110106] Spectre V1 : Mitigation: usercopy/swapgs barriers and __user pointer sanitization
[    2.145407] Spectre V2 : Mitigation: Full generic retpoline
[    2.171919] Spectre V2 : Spectre v2 / SpectreRSB mitigation: Filling RSB on context switch
[    2.209535] Speculative Store Bypass: Vulnerable
[    2.227611] MDS: Mitigation: Clear CPU buffers
[    2.379226] Freeing SMP alternatives memory: 36K
[    2.613556] ftrace: allocating 32380 entries in 127 pages
[    4.361822] smpboot: APIC(0) Converting physical 0 to logical package 0
[    4.392327] smpboot: Max logical packages: 1
[    4.453973] ..TIMER: vector=0x30 apic1=0 pin1=2 apic2=-1 pin2=-1
[    4.584806] APIC calibration not consistent with PM-Timer: 101ms instead of 100ms
[    4.614476] APIC delta adjusted to PM-Timer: 6265013 (6348167)
[    4.633904] smpboot: CPU0: Intel(R) Core(TM) i7-8550U CPU @ 1.80GHz (family: 0x6, model: 0x8e, stepping: 0xa)
[    4.670073] Performance Events: unsupported p6 CPU model 142 no PMU driver, software events only.
[    4.993716] KVM setup paravirtual spinlock
[    5.016076] x86: Booting SMP configuration:
[    5.030799] .... node  #0, CPUs:      #1
[    5.045159] kvm-clock: cpu 1, msr 0:3ffe3041, secondary cpu clock
[    5.063469] mce: CPU supports 0 MCE banks
[    5.073184] TSC synchronization [CPU#0 -> CPU#1]:
[    5.089918] Measured 77279 cycles TSC warp between CPUs, turning off TSC clock.
[    5.110011] tsc: Marking TSC unstable due to check_tsc_sync_source failed
[    5.127909] x86: Booted up 1 node, 2 CPUs
[    5.137320] smpboot: Total of 2 processors activated (7968.00 BogoMIPS)
[    0.620186] devtmpfs: initialized
[    0.624000] evm: security.selinux
[    0.624000] evm: security.SMACK64
[    0.624000] evm: security.SMACK64EXEC
[    0.624000] evm: security.SMACK64TRANSMUTE
[    0.624000] evm: security.SMACK64MMAP
[    0.624000] evm: security.ima
[    0.624000] evm: security.capability
[    0.624000] clocksource: jiffies: mask: 0xffffffff max_cycles: 0xffffffff, max_idle_ns: 7645041785100000 ns
[    0.624000] futex hash table entries: 512 (order: 3, 32768 bytes)
[    0.624559] pinctrl core: initialized pinctrl subsystem
[    0.628000] RTC time:  0:52:04, date: 04/30/23
[    0.628000] NET: Registered protocol family 16
[    0.636027] cpuidle: using governor ladder
[    0.648035] cpuidle: using governor menu
[    0.652000] PCCT header not found.
[    0.652000] ACPI: bus type PCI registered
[    0.652000] acpiphp: ACPI Hot Plug PCI Controller Driver version: 0.5
[    0.652000] PCI: Using configuration type 1 for base access
[    0.673245] ACPI: Added _OSI(Module Device)
[    0.676000] ACPI: Added _OSI(Processor Device)
[    0.676000] ACPI: Added _OSI(3.0 _SCP Extensions)
[    0.676000] ACPI: Added _OSI(Processor Aggregator Device)
[    0.680022] ACPI: Executed 1 blocks of module-level executable AML code
[    0.690182] ACPI: Interpreter enabled
[    0.692000] ACPI: (supports S0 S5)
[    0.692000] ACPI: Using IOAPIC for interrupt routing
[    0.692526] PCI: Using host bridge windows from ACPI; if necessary, use "pci=nocrs" and report a bug
[    0.719320] ACPI: PCI Root Bridge [PCI0] (domain 0000 [bus 00-ff])
[    0.720000] acpi PNP0A03:00: _OSC: OS supports [ASPM ClockPM Segments MSI]
[    0.725252] acpi PNP0A03:00: _OSC: not requesting OS control; OS requires [ExtendedConfig ASPM ClockPM MSI]
[    0.728000] acpi PNP0A03:00: fail to add MMCONFIG information, can't access extended PCI configuration space under this bridge.
[    0.733873] PCI host bridge to bus 0000:00
[    0.736000] pci_bus 0000:00: root bus resource [io  0x0000-0x0cf7 window]
[    0.736000] pci_bus 0000:00: root bus resource [io  0x0d00-0xffff window]
[    0.736000] pci_bus 0000:00: root bus resource [mem 0x000a0000-0x000bffff window]
[    0.736000] pci_bus 0000:00: root bus resource [mem 0x40000000-0xfdffffff window]
[    0.736000] pci_bus 0000:00: root bus resource [bus 00-ff]
[    0.744000] pci 0000:00:01.1: legacy IDE quirk: reg 0x10: [io  0x01f0-0x01f7]
[    0.744000] pci 0000:00:01.1: legacy IDE quirk: reg 0x14: [io  0x03f6]
[    0.744000] pci 0000:00:01.1: legacy IDE quirk: reg 0x18: [io  0x0170-0x0177]
[    0.744000] pci 0000:00:01.1: legacy IDE quirk: reg 0x1c: [io  0x0376]
[    0.768000] pci 0000:00:07.0: quirk: [io  0x4000-0x403f] claimed by PIIX4 ACPI
[    0.768000] pci 0000:00:07.0: quirk: [io  0x4100-0x410f] claimed by PIIX4 SMB
[    0.797554] ACPI: PCI Interrupt Link [LNKA] (IRQs 5 9 10 *11)
[    0.801231] ACPI: PCI Interrupt Link [LNKB] (IRQs 5 9 *10 11)
[    0.804000] ACPI: PCI Interrupt Link [LNKC] (IRQs 5 *9 10 11)
[    0.804000] ACPI: PCI Interrupt Link [LNKD] (IRQs 5 9 10 *11)
[    0.804000] ACPI: Enabled 2 GPEs in block 00 to 07
[    0.804130] vgaarb: setting as boot device: PCI:0000:00:02.0
[    0.808000] vgaarb: device added: PCI:0000:00:02.0,decodes=io+mem,owns=io+mem,locks=none
[    0.808000] vgaarb: loaded
[    0.808000] vgaarb: bridge control possible 0000:00:02.0
[    0.808000] SCSI subsystem initialized
[    0.809098] ACPI: bus type USB registered
[    0.812000] usbcore: registered new interface driver usbfs
[    0.812000] usbcore: registered new interface driver hub
[    0.812000] usbcore: registered new device driver usb
[    0.817394] PCI: Using ACPI for IRQ routing
[    0.820000] NetLabel: Initializing
[    0.820000] NetLabel:  domain hash size = 128
[    0.820000] NetLabel:  protocols = UNLABELED CIPSOv4
[    0.820000] NetLabel:  unlabeled traffic allowed by default
[    0.820170] amd_nb: Cannot enumerate AMD northbridges
[    0.824000] clocksource: Switched to clocksource kvm-clock
[    0.824000] AppArmor: AppArmor Filesystem Enabled
[    0.824000] pnp: PnP ACPI init
[    0.905354] pnp: PnP ACPI: found 3 devices
[    1.034083] clocksource: acpi_pm: mask: 0xffffff max_cycles: 0xffffff, max_idle_ns: 2085701024 ns
[    1.036943] NET: Registered protocol family 2
[    1.036943] TCP established hash table entries: 8192 (order: 4, 65536 bytes)
[    1.075289] TCP bind hash table entries: 8192 (order: 5, 131072 bytes)
[    1.075289] TCP: Hash tables configured (established 8192 bind 8192)
[    1.075289] UDP hash table entries: 512 (order: 2, 16384 bytes)
[    1.075289] UDP-Lite hash table entries: 512 (order: 2, 16384 bytes)
[    1.075289] NET: Registered protocol family 1
[    1.075289] pci 0000:00:00.0: Limiting direct PCI/PCI transfers
[    1.075289] pci 0000:00:01.0: Activating ISA DMA hang workarounds
[    1.075289] Unpacking initramfs...
[    1.076356] Freeing initrd memory: 14888K
[    2.212588] clocksource: tsc: mask: 0xffffffffffffffff max_cycles: 0x396d519840e, max_idle_ns: 881590569543 ns
[    2.216208] platform rtc_cmos: registered platform RTC device (no PNP device found)
[    2.216208] Scanning for low memory corruption every 60 seconds
[    2.274691] audit: initializing netlink subsys (disabled)
[    2.278151] audit: type=2000 audit(1682815930.022:1): initialized
[    2.278151] Initialise system trusted keyring
[    2.327111] HugeTLB registered 2 MB page size, pre-allocated 0 pages
[    2.330723] zbud: loaded
[    2.363059] VFS: Disk quotas dquot_6.6.0
[    2.368657] VFS: Dquot-cache hash table entries: 512 (order 0, 4096 bytes)
[    2.368657] squashfs: version 4.0 (2009/01/31) Phillip Lougher
[    2.421231] fuse init (API version 7.23)
[    2.436995] Key type big_key registered
[    2.439737] Allocating IMA MOK and blacklist keyrings.
[    2.493697] Key type asymmetric registered
[    2.497360] Asymmetric key parser 'x509' registered
[    2.497360] Block layer SCSI generic (bsg) driver version 0.4 loaded (major 249)
[    2.539014] io scheduler noop registered
[    2.542611] io scheduler deadline registered (default)
[    2.542611] io scheduler cfq registered
[    2.542611] pci_hotplug: PCI Hot Plug PCI Core version: 0.5
[    2.542611] pciehp: PCI Express Hot Plug Controller Driver version: 0.4
[    2.617485] ACPI: AC Adapter [AC] (off-line)
[    2.621287] input: Power Button as /devices/LNXSYSTM:00/LNXPWRBN:00/input/input0
[    2.621287] ACPI: Power Button [PWRF]
[    2.664508] input: Sleep Button as /devices/LNXSYSTM:00/LNXSLPBN:00/input/input1
[    2.668006] ACPI: Sleep Button [SLPF]
[    2.699662] GHES: HEST is not enabled!
[    2.705580] ACPI: Battery Slot [BAT0] (battery present)
[    2.731664] Serial: 8250/16550 driver, 32 ports, IRQ sharing enabled
[    2.735626] 00:02: ttyS0 at I/O 0x3f8 (irq = 4, base_baud = 115200) is a 16550A
[    2.947801] Linux agpgart interface v0.103
[    2.987060] loop: module loaded
[    3.003654] scsi host0: ata_piix
[    3.016907] scsi host1: ata_piix
[    3.020508] ata1: PATA max UDMA/33 cmd 0x1f0 ctl 0x3f6 bmdma 0xd000 irq 14
[    3.020508] ata2: PATA max UDMA/33 cmd 0x170 ctl 0x376 bmdma 0xd008 irq 15
[    3.020508] libphy: Fixed MDIO Bus: probed
[    3.070611] tun: Universal TUN/TAP device driver, 1.6
[    3.070611] tun: (C) 1999-2004 Max Krasnyansky <maxk@qualcomm.com>
[    3.123015] PPP generic driver version 2.4.2
[    3.141051] ehci_hcd: USB 2.0 'Enhanced' Host Controller (EHCI) Driver
[    3.144223] ehci-pci: EHCI PCI platform driver
[    3.144223] ehci-platform: EHCI generic platform driver
[    3.144223] ohci_hcd: USB 1.1 'Open' Host Controller (OHCI) Driver
[    3.144223] ohci-pci: OHCI PCI platform driver
[    3.144223] ohci-platform: OHCI generic platform driver
[    3.144223] uhci_hcd: USB Universal Host Controller Interface driver
[    3.144223] i8042: PNP: PS/2 Controller [PNP0303:PS2K,PNP0f03:PS2M] at 0x60,0x64 irq 1,12
[    3.285096] serio: i8042 KBD port at 0x60,0x64 irq 1
[    3.285320] serio: i8042 AUX port at 0x60,0x64 irq 12
[    3.347831] mousedev: PS/2 mouse device common for all mice
[    3.363518] rtc_cmos rtc_cmos: rtc core: registered rtc_cmos as rtc0
[    3.376416] rtc_cmos rtc_cmos: alarms up to one day, 114 bytes nvram
[    3.376416] i2c /dev entries driver
[    3.376416] device-mapper: uevent: version 1.0.3
[    3.419543] device-mapper: ioctl: 4.34.0-ioctl (2015-10-28) initialised: dm-devel@redhat.com
[    3.423388] ledtrig-cpu: registered to indicate activity on CPUs
[    3.467943] NET: Registered protocol family 10
[    3.482718] NET: Registered protocol family 17
[    3.485570] Key type dns_resolver registered
[    3.509557] input: AT Translated Set 2 keyboard as /devices/platform/i8042/serio0/input/input2
[    3.538373] registered taskstats version 1
[    3.541488] Loading compiled-in X.509 certificates
[    3.541488] Loaded X.509 cert 'Build time autogenerated kernel key: cf00e047681d67edb2720680708b7d9498083038'
[    3.541488] zswap: loaded using pool lzo/zbud
[    3.617986] Key type trusted registered
[    3.652014] Key type encrypted registered
[    3.655997] AppArmor: AppArmor sha1 policy hashing enabled
[    3.655997] ima: No TPM chip found, activating TPM-bypass!
[    3.655997] ima: Allocated hash algorithm: sha1
[    3.655997] evm: HMAC attrs: 0x1
[    3.735418]   Magic number: 3:578:861
[    3.751529] rtc_cmos rtc_cmos: setting system clock to 2023-04-30 00:52:08 UTC (1682815928)
[    3.780646] BIOS EDD facility v0.16 2004-Jun-25, 0 devices found
[    3.784401] EDD information not available.
[    3.825773] Freeing unused kernel memory: 1492K
[    3.849010] Write protecting the kernel read-only data: 14336k
[    3.852999] Freeing unused kernel memory: 1584K
[    3.852999] Freeing unused kernel memory: 52K
Loading, please wait...
starting version 229
[    4.006416] random: systemd-udevd: uninitialized urandom read (16 bytes read, 6 bits of entropy available)
[    4.007300] random: udevadm: uninitialized urandom read (16 bytes read, 6 bits of entropy available)
[    4.007570] random: udevadm: uninitialized urandom read (16 bytes read, 6 bits of entropy available)
[    4.051167] random: udevadm: uninitialized urandom read (16 bytes read, 6 bits of entropy available)
[    4.051300] random: udevadm: uninitialized urandom read (16 bytes read, 6 bits of entropy available)
[    4.051884] random: udevadm: uninitialized urandom read (16 bytes read, 6 bits of entropy available)
[    4.052094] random: udevadm: uninitialized urandom read (16 bytes read, 6 bits of entropy available)
[    4.052905] random: udevadm: uninitialized urandom read (16 bytes read, 6 bits of entropy available)
[    4.053177] random: udevadm: uninitialized urandom read (16 bytes read, 6 bits of entropy available)
[    4.053288] random: udevadm: uninitialized urandom read (16 bytes read, 6 bits of entropy available)
[    4.346603] e1000: Intel(R) PRO/1000 Network Driver - version 7.3.21-k8-NAPI
[    4.348890] e1000: Copyright (c) 1999-2006 Intel Corporation.
[    4.395540] Fusion MPT base driver 3.04.20
[    4.396676] Copyright (c) 1999-2008 LSI Corporation
[    4.434408] Fusion MPT SPI Host driver 3.04.20
[    5.843433] input: ImExPS/2 Generic Explorer Mouse as /devices/platform/i8042/serio1/input/input4
[    5.857992] e1000 0000:00:03.0 eth0: (PCI:33MHz:32-bit) 02:be:82:6b:cc:1d
[    5.858001] e1000 0000:00:03.0 eth0: Intel(R) PRO/1000 Network Connection
[    7.318635] e1000 0000:00:08.0 eth1: (PCI:33MHz:32-bit) 08:00:27:53:a7:31
[    7.322097] e1000 0000:00:08.0 eth1: Intel(R) PRO/1000 Network Connection
[    7.368515] e1000 0000:00:08.0 enp0s8: renamed from eth1
[    7.397519] mptbase: ioc0: Initiating bringup
[    7.412842] e1000 0000:00:03.0 enp0s3: renamed from eth0
[    7.500931] ioc0: LSI53C1030 A0: Capabilities={Initiator}
[    8.078389] scsi host2: ioc0: LSI53C1030 A0, FwRev=00000000h, Ports=1, MaxQ=256, IRQ=20
[    8.244200] scsi 2:0:0:0: Direct-Access     VBOX     HARDDISK         1.0  PQ: 0 ANSI: 5
[    8.248116] scsi target2:0:0: Beginning Domain Validation
[    8.282579] scsi target2:0:0: Domain Validation skipping write tests
[    8.286476] scsi target2:0:0: Ending Domain Validation
[    8.304156] scsi target2:0:0: asynchronous
[    8.318593] scsi 2:0:1:0: Direct-Access     VBOX     HARDDISK         1.0  PQ: 0 ANSI: 5
[    8.322497] scsi target2:0:1: Beginning Domain Validation
[    8.365442] scsi target2:0:1: Domain Validation skipping write tests
[    8.369357] scsi target2:0:1: Ending Domain Validation
[    8.392732] scsi target2:0:1: asynchronous
[    8.473816] sd 2:0:0:0: Attached scsi generic sg0 type 0
[    8.476553] sd 2:0:0:0: [sda] 83886080 512-byte logical blocks: (42.9 GB/40.0 GiB)
[    8.479882] sd 2:0:0:0: [sda] Write Protect is off
[    8.482151] sd 2:0:0:0: [sda] Incomplete mode parameter data
[    8.482155] sd 2:0:0:0: [sda] Assuming drive cache: write through
[    8.497959]  sda: sda1
[    8.505478] sd 2:0:0:0: [sda] Attached SCSI disk
[    8.584536] sd 2:0:1:0: Attached scsi generic sg1 type 0
[    8.605618] sd 2:0:1:0: [sdb] 20480 512-byte logical blocks: (10.5 MB/10.0 MiB)
[    8.629381] sd 2:0:1:0: [sdb] Write Protect is off
[    8.645699] sd 2:0:1:0: [sdb] Incomplete mode parameter data
[    8.649683] sd 2:0:1:0: [sdb] Assuming drive cache: write through
[    8.723121] sd 2:0:1:0: [sdb] Attached SCSI disk
Begin: Loading essential drivers ... [   11.758283] md: linear personality registered for level -1
[   11.799238] md: multipath personality registered for level -4
[   11.829894] md: raid0 personality registered for level 0
[   11.874266] md: raid1 personality registered for level 1
[   12.005305] raid6: sse2x1   gen()  6216 MB/s
[   13.068260] raid6: sse2x1   xor()  1838 MB/s
[   14.068475] raid6: sse2x2   gen()  3537 MB/s
[   16.011713] raid6: sse2x2   xor() 42159 MB/s
[   17.006790] raid6: sse2x4   gen() 56949 MB/s
[   18.068478] raid6: sse2x4   xor()  3647 MB/s
[   18.072317] raid6: using algorithm sse2x4 gen() 56949 MB/s
[   18.072317] raid6: .... xor() 3647 MB/s, rmw enabled
[   18.072317] raid6: using ssse3x2 recovery algorithm
[   18.145846] xor: measuring software checksum speed
[   22.009677]    prefetch64-sse: 1717102.000 MB/sec
[   23.099781]    generic_sse: 22363.000 MB/sec
[   23.103568] xor: using function: prefetch64-sse (1717102.000 MB/sec)
[   23.145914] async_tx: api initialized (async)
[   23.319112] md: raid6 personality registered for level 6
[   23.329203] md: raid5 personality registered for level 5
[   23.329203] md: raid4 personality registered for level 4
[   23.439428] md: raid10 personality registered for level 10
done.
Begin: Running /scripts/init-premount ... done.
Begin: Mounting root file system ... Begin: Running /scripts/local-top ... done.
Begin: Running /scripts/local-premount ... [   23.709422] Btrfs loaded
Scanning for Btrfs filesystems
done.
Warning: fsck not present, so skipping root file system
[   23.911255] EXT4-fs (sda1): mounted filesystem with ordered data mode. Opts: (null)
done.
Begin: Running /scripts/local-bottom ... done.
Begin: Running /scripts/init-bottom ... done.
[   24.407106] systemd[1]: systemd 229 running in system mode. (+PAM +AUDIT +SELINUX +IMA +APPARMOR +SMACK +SYSVINIT +UTMP +LIBCRYPTSETUP +GCRYPT +GNUTLS +ACL +XZ -LZ4 +SECCOMP +BLKID +ELFUTILS +KMOD -IDN)
[   24.408448] systemd[1]: Detected virtualization oracle.
[   24.408448] systemd[1]: Detected architecture x86-64.

Welcome to [1mUbuntu 16.04.7 LTS[0m!

[   24.526666] systemd[1]: Set hostname to <ubuntu>.
[   24.570674] systemd[1]: Initializing machine ID from random generator.
[   24.574264] systemd[1]: Installed transient /etc/machine-id file.
[   25.150321] random: nonblocking pool is initialized
[   25.488974] systemd[1]: Listening on Syslog Socket.
[[0;32m  OK  [0m] Listening on Syslog Socket.
[   25.517738] systemd[1]: Reached target User and Group Name Lookups.
[[0;32m  OK  [0m] Reached target User and Group Name Lookups.
[   25.546808] systemd[1]: Listening on udev Kernel Socket.
[[0;32m  OK  [0m] Listening on udev Kernel Socket.
[   25.565017] systemd[1]: Started Trigger resolvconf update for networkd DNS.
[[0;32m  OK  [0m] Started Trigger resolvconf update for networkd DNS.
[   25.586508] systemd[1]: Reached target Encrypted Volumes.
[[0;32m  OK  [0m] Reached target Encrypted Volumes.
[   25.605588] systemd[1]: Reached target System Time Synchronized.
[[0;32m  OK  [0m] Reached target System Time Synchronized.
[   25.626236] systemd[1]: Listening on /dev/initctl Compatibility Named Pipe.
[[0;32m  OK  [0m] Listening on /dev/initctl Compatibility Named Pipe.
[   25.649268] systemd[1]: Listening on LVM2 metadata daemon socket.
[[0;32m  OK  [0m] Listening on LVM2 metadata daemon socket.
[   25.676692] systemd[1]: Created slice System Slice.
[[0;32m  OK  [0m] Created slice System Slice.
[   25.696461] systemd[1]: Listening on LVM2 poll daemon socket.
[[0;32m  OK  [0m] Listening on LVM2 poll daemon socket.
[   25.717799] systemd[1]: Created slice User and Session Slice.
[[0;32m  OK  [0m] Created slice User and Session Slice.
[   25.739717] systemd[1]: Reached target Slices.
[[0;32m  OK  [0m] Reached target Slices.
[   25.763596] systemd[1]: Started Forward Password Requests to Wall Directory Watch.
[[0;32m  OK  [0m] Started Forward Password Requests to Wall Directory Watch.
[   25.793082] systemd[1]: Set up automount Arbitrary Executable File Formats File System Automount Point.
[[0;32m  OK  [0m] Set up automount Arbitrary Executab...ats File System Automount Point.
[   25.836762] systemd[1]: Listening on Journal Audit Socket.
[[0;32m  OK  [0m] Listening on Journal Audit Socket.
[   25.863934] systemd[1]: Listening on udev Control Socket.
[[0;32m  OK  [0m] Listening on udev Control Socket.
[   25.891178] systemd[1]: Listening on Device-mapper event daemon FIFOs.
[[0;32m  OK  [0m] Listening on Device-mapper event daemon FIFOs.
[   25.926194] systemd[1]: Created slice system-serial\x2dgetty.slice.
[[0;32m  OK  [0m] Created slice system-serial\x2dgetty.slice.
[   25.954700] systemd[1]: Listening on fsck to fsckd communication Socket.
[[0;32m  OK  [0m] Listening on fsck to fsckd communication Socket.
[   25.980269] systemd[1]: Listening on Journal Socket (/dev/log).
[[0;32m  OK  [0m] Listening on Journal Socket (/dev/log).
[   26.006632] systemd[1]: Reached target Swap.
[[0;32m  OK  [0m] Reached target Swap.
[   26.027711] systemd[1]: Listening on Journal Socket.
[[0;32m  OK  [0m] Listening on Journal Socket.
[   26.078315] systemd[1]: Mounting Huge Pages File System...
         Mounting Huge Pages File System...
[   26.115778] systemd[1]: Mounting POSIX Message Queue File System...
         Mounting POSIX Message Queue File System...
[   26.140225] systemd[1]: Starting Set console keymap...
         Starting Set console keymap...
[   26.160010] systemd[1]: Starting Nameserver information manager...
         Starting Nameserver information manager...
[   26.306074] systemd[1]: Starting Create list of required static device nodes for the current kernel...
         Starting Create list of required st... nodes for the current kernel...
[   26.358153] systemd[1]: Starting Load Kernel Modules...
         Starting Load Kernel Modules...
[   26.397720] systemd[1]: Mounting Debug File System...
         Mounting Debug File System...
[   26.442282] Loading iSCSI transport class v2.0-870.
[   26.464249] systemd[1]: Starting Journal Service...
         Starting Journal Service...
[   26.496018] systemd[1]: Starting Monitoring of LVM2 mirrors, snapshots etc. using dmeventd or progress polling...
         Starting Monitoring of LVM2 mirrors... dmeventd or progress polling...
[   26.551491] systemd[1]: Starting File System Check on Root Device...
         Startin[   26.595906] systemd[1]: Starting Uncomplicated firewall...
g File System Check on Root Device...
         Starting Uncomplicated firewall...
[   26.612945] systemd[1]: Mounted Huge Pages File System.
[   26.646700] iscsi: registered transport (tcp)
[[0;32m  OK  [0m] Mounted Huge Pages File System.
[   26.689953] systemd[1]: Mounted POSIX Message Queue File System.
[[0;32m  OK  [0m] Mounted POSIX Message Queue File System.
[   26.751057] systemd[1]: Mounted Debug File System.
[[0;32m  OK  [0m] Mounted Debug File System.
[   26.802583] systemd[1]: Started Journal Service.
[[0;32m  OK  [0m] Started Journal Service.
[[0;32m  OK  [0m] Started Set console keymap.
[[0;32m  OK  [0m] Started Create list of required sta...ce nodes for the current kernel.
[[0;32m  OK  [0m] Started File System Check on Root Device.
[[0;32m  OK  [0m] Started Uncomplicated firewall.
[[0;32m  OK  [0m] Started Nameserver information manager.
[[0;32m  OK  [0m] Started LVM2 metadata daemon.
[[0;32m  OK  [0m] Started File System Check Daemon to report status.
         Starting Remount Root and Kernel File Systems...
         Starting Create Static Device Nodes in /dev...
[   27.068363] EXT4-fs (sda1): re-mounted. Opts: (null)
[   27.102292] iscsi: registered transport (iser)
[[0;32m  OK  [0m] Started Remount Root and Kernel File Systems.
[[0;32m  OK  [0m] Started Load Kernel Modules.
         Mounting FUSE Control File System...
         Starting Apply Kernel Variables...
         Starting udev Coldplug all Devices...
         Starting Load/Save Random Seed...
         Starting Flush Journal to Persistent Storage...
[[0;32m  OK  [0m] Mounted FUSE Control File System.
[[0;32m  OK  [0m] Started Create Static Device Nodes in /dev.
[[0;32m  OK  [0m] Started Apply Kernel Variables.
[[0;32m  OK  [0m] Started Monitoring of LVM2 mirrors,...ng dmeventd or progress polling.
[[0;32m  OK  [0m] Started Load/Save Random Seed.
         Starting udev Kernel Device Manager...
[[0;32m  OK  [0m] Reached target Local File Systems (Pre).
[[0;32m  OK  [0m] Reached target Local File Systems.
         Starting Commit a transient machine-id on disk...
         Starting Tell Plymouth To Write Out Runtime Data...
         Starting Initial cloud-init job (pre-networking)...
         Starting Set console font and keymap...
         Starting LSB: AppArmor initialization...
[[0;32m  OK  [0m] Started udev Coldplug all Devices.
[[0;32m  OK  [0m] Started Commit a transient machine-id on disk.
[[0;32m  OK  [0m] Started Tell Plymouth To Write Out Runtime Data.
[[0;32m  OK  [0m] Started Flush Journal to Persistent Storage.
         Starting Create Volatile Files and Directories...
[[0;32m  OK  [0m] Started Create Volatile Files and Directories.
         Starting Update UTMP about System Boot/Shutdown...
[[0;32m  OK  [0m] Started udev Kernel Device Manager.
[[0;32m  OK  [0m] Started Dispatch Password Requests to Console Directory Watch.
[[0;32m  OK  [0m] Started Update UTMP about System Boot/Shutdown.
[[0;32m  OK  [0m] Found device /dev/ttyS0.
[[0;32m  OK  [0m] Listening on Load/Save RF Kill Switch Status /dev/rfkill Watch.
[[0;32m  OK  [0m] Started LSB: AppArmor initialization.
[   34.534070] cloud-init[463]: Cloud-init v. 21.1-19-gbad84ad4-0ubuntu1~16.04.2 running 'init-local' at Sun, 30 Apr 2023 00:52:38 +0000. Up 33.46 seconds.
         Starting Load AppArmor profiles managed internally by snapd...
[[0;32m  OK  [0m] Started Load AppArmor profiles managed internally by snapd.
[[0;32m  OK  [0m] Started Initial cloud-init job (pre-networking).
[[0;32m  OK  [0m] Reached target Network (Pre).
         Starting Raise network interfaces...
[[0;32m  OK  [0m] Started Set console font and keymap.
[[0;32m  OK  [0m] Created slice system-getty.slice.
[[0;32m  OK  [0m] Started Raise network interfaces.
[[0;32m  OK  [0m] Reached target Network.
         Starting Initial cloud-init job (metadata service crawler)...
[   40.227211] cloud-init[946]: Cloud-init v. 21.1-19-gbad84ad4-0ubuntu1~16.04.2 running 'init' at Sun, 30 Apr 2023 00:52:43 +0000. Up 38.50 seconds.
[[0;32m  OK  [0m] Started Initial cloud-init job (metadata service crawler).
[[0;32m  OK  [0m] Reached target Cloud-config availability.
[[0;32m  OK  [0m] Reached target System Initialization.
[   40.335873] cloud-init[946]: ci-info: ++++++++++++++++++++++++++++++++++++++Net device info+++++++++++++++++++++++++++++++++++++++
[[0;32m  OK  [0m] Started ACPI Events Check.
[[0;32m  OK  [0m] Reached target Paths.
[   40.387945] cloud-init[946]: ci-info: +--------+-------+----------------------------+---------------+--------+-------------------+
[   40.431121] [cloud-init[0;32m  OK  [0m] [946]: Started Ubuntu Advantage update messaging.ci-info: | Device |   Up  |          Address           |      Mask     | Scope  |     Hw-Address    |

[   40.459702] cloud-init[946]: ci-info: +--------+-------+----------------------------+---------------+--------+-------------------+
         Starting Socket activation for snappy daemon.
[[0;32m  OK  [0m] Started Daily apt download activities.
[[0;32m  OK  [0m] Started Daily apt upgrade and clean activities.
[   40.483334] cloud-init[946]: ci-info: | enp0s3 |  True |         10.0.2.15          | 255.255.255.0 | global | 02:be:82:6b:cc:1d |
[[0;32m  OK  [0m] Listening on D-Bus System Message Bus Socket.
[   40.520729] cloud-init[946]: ci-info: | enp0s3 |  True | fe80::be:82ff:fe6b:cc1d/64 |       .       |  link  | 02:be:82:6b:cc:1d |
         Starting LXD - unix socket.
[   40.558005] [cloud-init[0;32m  OK  [0m[946]: ] ci-info: | enp0s8 | False |             .              |       .       |   .    | 08:00:27:53:a7:31 |Listening on ACPID Listen Socket.

[[0;32m  OK  [0m] Started Daily Cleanup of Temporary Directories.
[[0;32m  OK  [0m] Started Message of the Day.
[[0;32m  OK  [0m] Reached target Timers.
[[0;32m  OK  [0m] Listening on UUID daemon activation socket.
[[0;32m  OK  [0m] Reached target Network is Online.
[   40.571489] cloud-init[946]: ci-info: |   lo   |  True |         127.0.0.1          |   255.0.0.0   |  host  |         .         |
         Starting iSCSI initiator daemon (iscsid)...
[[0;32m  OK  [0m] Listening on Socket activation for snappy daemon.
[[0;32m  OK  [0m] Listening on LXD - unix socket.
[[0;32m  OK  [0m] Reached target Sockets.
[[0;32m  OK  [0m] Reached target Basic System.
[   40.642481] cloud-init[946]: ci-info: |   lo   |  True |          ::1/128           |       .       |  host  |         .         |
         Starting Pollinate to seed the pseudo random number generator...
         Starting Virtualbox guest utils...
[[0;32m  OK  [0m] Started FUSE filesystem for LXC.
[[0;32m  OK  [0m] Started Deferred execution scheduler.
[[0;32m  OK  [0m] Started D-Bus System Message Bus.
[   40.686981] cloud-init[946]: ci-info: +--------+-------+----------------------------+---------------+--------+-------------------+
[   40.751181] cloud-init[946]: ci-info: +++++++++++++++++++++++++++Route IPv4 info++++++++++++++++++++++++++++
[   40.798370] cloud-init[946]: ci-info: +-------+-------------+----------+---------------+-----------+-------+
[   40.835872] cloud-init[946]: ci-info: | Route | Destination | Gateway  |    Genmask    | Interface | Flags |
[   40.862585] cloud-init[946]: ci-info: +-------+-------------+----------+---------------+-----------+-------+
[   40.886909] cloud-init[946]: ci-info: |   0   |   0.0.0.0   | 10.0.2.2 |    0.0.0.0    |   enp0s3  |   UG  |
[   40.907583] cloud-init[946]: ci-info: |   1   |   10.0.2.0  | 0.0.0.0  | 255.255.255.0 |   enp0s3  |   U   |
[   40.926713] cloud-init[946]: ci-info: +-------+-------------+----------+---------------+-----------+-------+
[   40.942885] cloud-init[946]: ci-info: +++++++++++++++++++Route IPv6 info+++++++++++++++++++
[   40.955435] cloud-init[946]: ci-info: +-------+-------------+---------+-----------+-------+
[   40.976553] cloud-init[946]: ci-info: | Route | Destination | Gateway | Interface | Flags |
[   40.992820] cloud-init[946]: ci-info: +-------+-------------+---------+-----------+-------+
         Starting LSB: Record successful boot for GRUB...
         Starting System Logging Service...
         Starting Snap Daemon...
[[0;32m  OK  [0m] Started ACPI event daemon.
         Starting Login Service...
         Starting /etc/rc.local Compatibility...
         Starting LXD - container startup/shutdown...
         Starting Accounts Service...
         Starting LSB: MD monitoring daemon...
[[0;32m  OK  [0m] Started Regular background program processing daemon.
[   41.021805] cloud-init[946]: ci-info: |   0   |  fe80::/64  |    ::   |   enp0s3  |   U   |
[[0;32m  OK  [0m] Started /etc/rc.local Compatibility.
[[0;32m  OK  [0m] Started iSCSI initiator daemon (iscsid).
[   41.178135] cloud-init[946]: ci-info: |   3   |   ff00::/8  |    ::   |   enp0s3  |   U   |
         Starting Login to default iSCSI targets...
[   41.244596] cloud-init[946]: ci-info: +-------+-------------+---------+-----------+-------+
[[0;32m  OK  [0m] Started Login Service.
[[0;32m  OK  [0m] Started System Logging Service.
[   41.350826] cloud-init[946]: Generating public/private rsa key pair.
[[0;32m  OK  [0m] Started Unattended Upgrades Shutdown.
[   41.416010] cloud-init[946]: Your identification has been saved in /etc/ssh/ssh_host_rsa_key.
[[0;32m  OK  [0m] Started Login to default iSCSI targets.
[[0;32m  OK  [0m] Reached target Remote File Systems (Pre).
[[0;32m  OK  [0m] Reached target Remote File Systems.
[   41.481108] cloud-init[946]: Your public key has been saved in /etc/ssh/ssh_host_rsa_key.pub.
         Starting LSB: Set the CPU Frequency Scaling governor to "ondemand"...
         Starting Permit User Sessions...
         Starting LSB: automatic crash report generation...
         Starting LSB: daemon to balance interrupts for SMP systems...
[   41.532626] cloud-init[946]: The key fingerprint is:
[   42.738917] cloud-init[946]: SHA256:32RBFd0UEcLniFNrxf1a2ZfN6Rv4SUzSdgv4wgCbZF0 root@ubuntu-xenial
[   42.831025] cloud-init[946]: The key's randomart image is:
[   42.887574] cloud-init[946]: +---[RSA 2048]----+
[   43.053905] cloud-init[946]: |        . .Eoo+BB|
[   43.060135] cloud-init[946]: |       + . . o.++|
[   43.060853] cloud-init[946]: |      o +   = B.B|
[   43.061539] cloud-init[946]: |       o . + B OO|
[   43.062129] cloud-init[946]: |        S o * Oo+|
[   43.062852] cloud-init[946]: |         . * o.* |
[   43.063465] cloud-init[946]: |          . o o +|
[   43.064154] cloud-init[946]: |               + |
[   43.064903] cloud-init[946]: |                 |
[   43.065717] cloud-init[946]: +----[SHA256]-----+
[   43.066771] cloud-init[946]: Generating public/private dsa key pair.
[   43.067519] cloud-init[946]: Your identification has been saved in /etc/ssh/ssh_host_dsa_key.
[   43.067652] cloud-init[946]: Your public key has been saved in /etc/ssh/ssh_host_dsa_key.pub.
[   43.067832] cloud-init[946]: The key fingerprint is:
[   43.067945] cloud-init[946]: SHA256:5cNFXIzF5aJAzSMl+rAYtgwTAF7OZnYBdVv4UZ2QZm8 root@ubuntu-xenial
[   43.068074] cloud-init[946]: The key's randomart image is:
[   43.068938] cloud-init[946]: +---[DSA 1024]----+
[   43.069726] cloud-init[946]: |...++o ...+B**+..|
[   43.070598] cloud-init[946]: |. +  .o.o+.**oo. |
[   43.071357] cloud-init[946]: | . *o.o.+ *.o.. .|
[   43.072222] cloud-init[946]: |  + .= + O o E . |
[   43.073243] cloud-init[946]: |      + S = o    |
[   43.074120] cloud-init[946]: |           .     |
[   43.075075] cloud-init[946]: |                 |
[   43.076078] cloud-init[946]: |                 |
[   43.076941] cloud-init[946]: |                 |
[   43.078154] cloud-init[946]: +----[SHA256]-----+
[   43.078987] cloud-init[946]: Generating public/private ecdsa key pair.
[   43.079941] cloud-init[946]: Your identification has been saved in /etc/ssh/ssh_host_ecdsa_key.
[   43.080919] cloud-init[946]: Your public key has been saved in /etc/ssh/ssh_host_ecdsa_key.pub.
[   43.081838] cloud-init[946]: The key fingerprint is:
[   43.082832] cloud-init[946]: SHA256:apWPKRvz0HpmlIvBLwwvmDNDh/Dgr114+h5cVA1Ow1I root@ubuntu-xenial
[   43.083712] cloud-init[946]: The key's randomart image is:
[   43.084762] cloud-init[946]: +---[ECDSA 256]---+
[   43.085790] cloud-init[946]: |        oEo      |
[   43.086672] cloud-init[946]: |       .+...     |
[   43.087654] cloud-init[946]: |       ...       |
[   43.090408] cloud-init[946]: |o     .  .       |
[   43.091348] cloud-init[946]: |.+ . . .S.       |
[   43.092309] cloud-init[946]: | .+ = ++o+       |
[   43.093183] cloud-init[946]: | ..= OB=+..      |
[   43.094136] cloud-init[946]: |  B.=.*O*        |
[   43.095111] cloud-init[946]: | ..*o+o=.        |
[   43.095999] cloud-init[946]: +----[SHA256]-----+
[   43.097056] cloud-init[946]: Generating public/private ed25519 key pair.
[   43.098047] cloud-init[946]: Your identification has been saved in /etc/ssh/ssh_host_ed25519_key.
[   43.098979] cloud-init[946]: Your public key has been saved in /etc/ssh/ssh_host_ed25519_key.pub.
[   43.099917] cloud-init[946]: The key fingerprint is:
[   43.100582] cloud-init[946]: SHA256:wqIQ/1jh7gAi9GjEqehQB4Sct4LmgVY3yVmnYXZi44s root@ubuntu-xenial
[   43.101280] cloud-init[946]: The key's randomart image is:
[   43.102122] cloud-init[946]: +--[ED25519 256]--+
[   43.102878] cloud-init[946]: |.o+ . +O o       |
[   43.103724] cloud-init[946]: |oo.+ *= B        |
[   43.105443] cloud-init[946]: |+=+ = .o         |
[   43.105979] cloud-init[946]: |BOo+ o. .        |
[   43.106697] cloud-init[946]: |%o+.+Eo.S        |
[   43.107469] cloud-init[946]: |*+ * . .         |
[   43.108386] cloud-init[946]: | .+ o            |
[   43.109122] cloud-init[946]: |   o             |
[   43.110522] cloud-init[946]: |    .            |
[   43.111221] cloud-init[946]: +----[SHA256]-----+
[[0;32m  OK  [0m] Started LSB: Record successful boot for GRUB.
[[0;32m  OK  [0m] Started LSB: MD monitoring daemon.
[[0;32m  OK  [0m] Started Permit User Sessions.
         Starting Authenticate and Authorize Users to Run Privileged Tasks...
         Starting Terminate Plymouth Boot Screen...
         Starting Hold until boot process finishes up...
[[0;32m  OK  [0m] Started Virtualbox guest utils.
[[0;32m  OK  [0m] Started Terminate Plymouth Boot Screen.
[[0;32m  OK  [0m] Started Hold until boot process finishes up.
[[0;32m  OK  [0m] Started Serial Getty on ttyS0.
         Starting Set console scheme...
[[0;32m  OK  [0m] Started Getty on tty1.
[[0;32m  OK  [0m] Reached target Login Prompts.
[[0;32m  OK  [0m] Started LSB: Set the CPU Frequency Scaling governor to "ondemand".
[[0;32m  OK  [0m] Started LSB: automatic crash report generation.
[[0;32m  OK  [0m] Started Set console scheme.
[[0;32m  OK  [0m] Started Authenticate and Authorize Users to Run Privileged Tasks.
[[0;32m  OK  [0m] Started LSB: daemon to balance interrupts for SMP systems.
[[0;32m  OK  [0m] Started Accounts Service.
[[0;32m  OK  [0m] Started LXD - container startup/shutdown.
[[0;32m  OK  [0m] Started Snap Daemon.
         Starting Wait until snapd is fully seeded...
[[0;32m  OK  [0m] Started Pollinate to seed the pseudo random number generator.
         Starting OpenBSD Secure Shell server...
[[0;32m  OK  [0m] Started OpenBSD Secure Shell server.
[[0;32m  OK  [0m] Created slice User Slice of vagrant.
         Starting User Manager for UID 1000...
[[0;32m  OK  [0m] Started Session 1 of user vagrant.
[[0;32m  OK  [0m] Started User Manager for UID 1000.

Ubuntu 16.04.7 LTS ubuntu-xenial ttyS0

ubuntu-xenial login: [   54.647742] cloud-init[1429]: Generating locales (this might take a while)...
[   58.459712] cloud-init[1429]:   en_US.UTF-8... done
[   58.462516] cloud-init[1429]: Generation complete.
[   59.232385] cloud-init[1429]: Cloud-init v. 21.1-19-gbad84ad4-0ubuntu1~16.04.2 running 'modules:config' at Sun, 30 Apr 2023 00:52:58 +0000. Up 54.28 seconds.
ci-info: no authorized SSH keys fingerprints found for user ubuntu.
<14>Apr 30 00:53:05 ec2: 
<14>Apr 30 00:53:05 ec2: #############################################################
<14>Apr 30 00:53:05 ec2: -----BEGIN SSH HOST KEY FINGERPRINTS-----
<14>Apr 30 00:53:05 ec2: 1024 SHA256:5cNFXIzF5aJAzSMl+rAYtgwTAF7OZnYBdVv4UZ2QZm8 root@ubuntu-xenial (DSA)
<14>Apr 30 00:53:05 ec2: 256 SHA256:apWPKRvz0HpmlIvBLwwvmDNDh/Dgr114+h5cVA1Ow1I root@ubuntu-xenial (ECDSA)
<14>Apr 30 00:53:05 ec2: 256 SHA256:wqIQ/1jh7gAi9GjEqehQB4Sct4LmgVY3yVmnYXZi44s root@ubuntu-xenial (ED25519)
<14>Apr 30 00:53:05 ec2: 2048 SHA256:32RBFd0UEcLniFNrxf1a2ZfN6Rv4SUzSdgv4wgCbZF0 root@ubuntu-xenial (RSA)
<14>Apr 30 00:53:05 ec2: -----END SSH HOST KEY FINGERPRINTS-----
<14>Apr 30 00:53:05 ec2: #############################################################
-----BEGIN SSH HOST KEY KEYS-----
ecdsa-sha2-nistp256 AAAAE2VjZHNhLXNoYTItbmlzdHAyNTYAAAAIbmlzdHAyNTYAAABBBFD5kvTdXqFbxpCail64uf+nhCOfY9Ad6UzgNYS4DOZTVr31iPWn+bZFWFlcjirYDgvYa+9JtPJa9QWQ4+uXM20= root@ubuntu-xenial
ssh-ed25519 AAAAC3NzaC1lZDI1NTE5AAAAIKifNmhKNm6suse/sp6nLcfGMZbExNZ0rFX5ssAnXE3P root@ubuntu-xenial
ssh-rsa AAAAB3NzaC1yc2EAAAADAQABAAABAQC9TWv4NXj0laiqa0Sx1ZzNimmOsreI+kSE9qDKB56eJDzNE4CQvPRn8uDFz6r0lp2NDkGW001Np+kUFqUXPg515sq1fVhV2/pPbdss+x+ZcYZMr9/j0yt6nwBCZf7M35s2mp13HKKu13RrRQaSYn+wMujSLc1zpBfIzZT1LqciP7zFZgyz3XYQU8XtsHC6POhfZgnH4iRAdXyRD5kwSQRYDC/Ljj0USAGv+F6eNyLqUkyBx4lmDPPV7yDyFdjGMWuaIpSCmviyT0GZK7Yv9NB8dV7/tBIFP4S91KlWjQEIF8R6aYzDp7PZcRoZO8BgglZJXMo45ZPcGp/UBuJ0AH01 root@ubuntu-xenial
-----END SSH HOST KEY KEYS-----
[   60.660464] cloud-init[1561]: Cloud-init v. 21.1-19-gbad84ad4-0ubuntu1~16.04.2 running 'modules:final' at Sun, 30 Apr 2023 00:53:04 +0000. Up 60.04 seconds.
[   60.661282] cloud-init[1561]: ci-info: no authorized SSH keys fingerprints found for user ubuntu.
[   60.661533] cloud-init[1561]: Cloud-init v. 21.1-19-gbad84ad4-0ubuntu1~16.04.2 finished at Sun, 30 Apr 2023 00:53:05 +0000. Datasource DataSourceNoCloud [seed=/dev/sdb][dsmode=net].  Up 60.64 seconds
